2022-10-19 16:39:34.125 96736: http server started listening on [:8200] 

  SERVER  | DOMAIN  | ADDRESS | METHOD |                  ROUTE                  |                          HANDLER                           |                             MIDDLEWARE                              
----------|---------|---------|--------|-----------------------------------------|------------------------------------------------------------|---------------------------------------------------------------------
  default | default | :8200   | ALL    | /*                                      | gfast/middleware.CORS                                      | GLOBAL MIDDLEWARE                                                   
----------|---------|---------|--------|-----------------------------------------|------------------------------------------------------------|---------------------------------------------------------------------
  default | default | :8200   | GET    | /captcha/get                            | gfast/app/common/api.(*captcha).Img-fm                     |                                                                     
----------|---------|---------|--------|-----------------------------------------|------------------------------------------------------------|---------------------------------------------------------------------
  default | default | :8200   | ALL    | /debug/pprof/*action                    | github.com/gogf/gf/net/ghttp.(*utilPProf).Index-fm         |                                                                     
----------|---------|---------|--------|-----------------------------------------|------------------------------------------------------------|---------------------------------------------------------------------
  default | default | :8200   | ALL    | /debug/pprof/cmdline                    | github.com/gogf/gf/net/ghttp.(*utilPProf).Cmdline-fm       |                                                                     
----------|---------|---------|--------|-----------------------------------------|------------------------------------------------------------|---------------------------------------------------------------------
  default | default | :8200   | ALL    | /debug/pprof/profile                    | github.com/gogf/gf/net/ghttp.(*utilPProf).Profile-fm       |                                                                     
----------|---------|---------|--------|-----------------------------------------|------------------------------------------------------------|---------------------------------------------------------------------
  default | default | :8200   | ALL    | /debug/pprof/symbol                     | github.com/gogf/gf/net/ghttp.(*utilPProf).Symbol-fm        |                                                                     
----------|---------|---------|--------|-----------------------------------------|------------------------------------------------------------|---------------------------------------------------------------------
  default | default | :8200   | ALL    | /debug/pprof/trace                      | github.com/gogf/gf/net/ghttp.(*utilPProf).Trace-fm         |                                                                     
----------|---------|---------|--------|-----------------------------------------|------------------------------------------------------------|---------------------------------------------------------------------
  default | default | :8200   | ALL    | /demo/demoDataAuth/*                    | gfast/app/system/api.(*sysOperLog).OperationLog-fm         | HOOK_AFTER_OUTPUT                                                   
----------|---------|---------|--------|-----------------------------------------|------------------------------------------------------------|---------------------------------------------------------------------
  default | default | :8200   | POST   | /demo/demoDataAuth/add                  | gfast/app/demo/api.(*demoDataAuth).Add-fm                  | gtoken.(*GfToken).authMiddleware-fm,middleware.Ctx,middleware.Auth  
----------|---------|---------|--------|-----------------------------------------|------------------------------------------------------------|---------------------------------------------------------------------
  default | default | :8200   | DELETE | /demo/demoDataAuth/delete               | gfast/app/demo/api.(*demoDataAuth).Delete-fm               | gtoken.(*GfToken).authMiddleware-fm,middleware.Ctx,middleware.Auth  
----------|---------|---------|--------|-----------------------------------------|------------------------------------------------------------|---------------------------------------------------------------------
  default | default | :8200   | PUT    | /demo/demoDataAuth/edit                 | gfast/app/demo/api.(*demoDataAuth).Edit-fm                 | gtoken.(*GfToken).authMiddleware-fm,middleware.Ctx,middleware.Auth  
----------|---------|---------|--------|-----------------------------------------|------------------------------------------------------------|---------------------------------------------------------------------
  default | default | :8200   | GET    | /demo/demoDataAuth/get                  | gfast/app/demo/api.(*demoDataAuth).Get-fm                  | gtoken.(*GfToken).authMiddleware-fm,middleware.Ctx,middleware.Auth  
----------|---------|---------|--------|-----------------------------------------|------------------------------------------------------------|---------------------------------------------------------------------
  default | default | :8200   | GET    | /demo/demoDataAuth/list                 | gfast/app/demo/api.(*demoDataAuth).List-fm                 | gtoken.(*GfToken).authMiddleware-fm,middleware.Ctx,middleware.Auth  
----------|---------|---------|--------|-----------------------------------------|------------------------------------------------------------|---------------------------------------------------------------------
  default | default | :8200   | ALL    | /pub_upload/*                           | gfast/router.init.0.func1.1                                | HOOK_BEFORE_SERVE                                                   
----------|---------|---------|--------|-----------------------------------------|------------------------------------------------------------|---------------------------------------------------------------------
  default | default | :8200   | ALL    | /swagger/*                              | github.com/gogf/swagger.(*Swagger).Install.func1.1         | HOOK_BEFORE_SERVE                                                   
----------|---------|---------|--------|-----------------------------------------|------------------------------------------------------------|---------------------------------------------------------------------
  default | default | :8200   | ALL    | /system/*                               | gfast/app/system/api.(*sysOperLog).OperationLog-fm         | HOOK_AFTER_OUTPUT                                                   
----------|---------|---------|--------|-----------------------------------------|------------------------------------------------------------|---------------------------------------------------------------------
  default | default | :8200   | POST   | /system/auth/addMenu                    | gfast/app/system/api.(*authRule).AddMenuPost-fm            | gtoken.(*GfToken).authMiddleware-fm,middleware.Ctx,middleware.Auth  
----------|---------|---------|--------|-----------------------------------------|------------------------------------------------------------|---------------------------------------------------------------------
  default | default | :8200   | GET    | /system/auth/addRole                    | gfast/app/system/api.(*sysRole).GetRoleMenu-fm             | gtoken.(*GfToken).authMiddleware-fm,middleware.Ctx,middleware.Auth  
----------|---------|---------|--------|-----------------------------------------|------------------------------------------------------------|---------------------------------------------------------------------
  default | default | :8200   | POST   | /system/auth/addRole                    | gfast/app/system/api.(*sysRole).AddRole-fm                 | gtoken.(*GfToken).authMiddleware-fm,middleware.Ctx,middleware.Auth  
----------|---------|---------|--------|-----------------------------------------|------------------------------------------------------------|---------------------------------------------------------------------
  default | default | :8200   | POST   | /system/auth/addUser                    | gfast/app/system/api.(*user).AddUser-fm                    | gtoken.(*GfToken).authMiddleware-fm,middleware.Ctx,middleware.Auth  
----------|---------|---------|--------|-----------------------------------------|------------------------------------------------------------|---------------------------------------------------------------------
  default | default | :8200   | PUT    | /system/auth/changeUserStatus           | gfast/app/system/api.(*user).ChangeUserStatus-fm           | gtoken.(*GfToken).authMiddleware-fm,middleware.Ctx,middleware.Auth  
----------|---------|---------|--------|-----------------------------------------|------------------------------------------------------------|---------------------------------------------------------------------
  default | default | :8200   | DELETE | /system/auth/deleteMenu                 | gfast/app/system/api.(*authRule).DeleteMenu-fm             | gtoken.(*GfToken).authMiddleware-fm,middleware.Ctx,middleware.Auth  
----------|---------|---------|--------|-----------------------------------------|------------------------------------------------------------|---------------------------------------------------------------------
  default | default | :8200   | DELETE | /system/auth/deleteRole                 | gfast/app/system/api.(*sysRole).DeleteRole-fm              | gtoken.(*GfToken).authMiddleware-fm,middleware.Ctx,middleware.Auth  
----------|---------|---------|--------|-----------------------------------------|------------------------------------------------------------|---------------------------------------------------------------------
  default | default | :8200   | DELETE | /system/auth/deleteUser                 | gfast/app/system/api.(*user).DeleteUser-fm                 | gtoken.(*GfToken).authMiddleware-fm,middleware.Ctx,middleware.Auth  
----------|---------|---------|--------|-----------------------------------------|------------------------------------------------------------|---------------------------------------------------------------------
  default | default | :8200   | POST   | /system/auth/deptAdd                    | gfast/app/system/api.(*dept).Add-fm                        | gtoken.(*GfToken).authMiddleware-fm,middleware.Ctx,middleware.Auth  
----------|---------|---------|--------|-----------------------------------------|------------------------------------------------------------|---------------------------------------------------------------------
  default | default | :8200   | DELETE | /system/auth/deptDelete                 | gfast/app/system/api.(*dept).Delete-fm                     | gtoken.(*GfToken).authMiddleware-fm,middleware.Ctx,middleware.Auth  
----------|---------|---------|--------|-----------------------------------------|------------------------------------------------------------|---------------------------------------------------------------------
  default | default | :8200   | PUT    | /system/auth/deptEdit                   | gfast/app/system/api.(*dept).Edit-fm                       | gtoken.(*GfToken).authMiddleware-fm,middleware.Ctx,middleware.Auth  
----------|---------|---------|--------|-----------------------------------------|------------------------------------------------------------|---------------------------------------------------------------------
  default | default | :8200   | GET    | /system/auth/deptGet                    | gfast/app/system/api.(*dept).Get-fm                        | gtoken.(*GfToken).authMiddleware-fm,middleware.Ctx,middleware.Auth  
----------|---------|---------|--------|-----------------------------------------|------------------------------------------------------------|---------------------------------------------------------------------
  default | default | :8200   | GET    | /system/auth/deptList                   | gfast/app/system/api.(*dept).List-fm                       | gtoken.(*GfToken).authMiddleware-fm,middleware.Ctx,middleware.Auth  
----------|---------|---------|--------|-----------------------------------------|------------------------------------------------------------|---------------------------------------------------------------------
  default | default | :8200   | GET    | /system/auth/deptTreeSelect             | gfast/app/system/api.(*dept).TreeSelect-fm                 | gtoken.(*GfToken).authMiddleware-fm,middleware.Ctx,middleware.Auth  
----------|---------|---------|--------|-----------------------------------------|------------------------------------------------------------|---------------------------------------------------------------------
  default | default | :8200   | PUT    | /system/auth/editMenu                   | gfast/app/system/api.(*authRule).EditPost-fm               | gtoken.(*GfToken).authMiddleware-fm,middleware.Ctx,middleware.Auth  
----------|---------|---------|--------|-----------------------------------------|------------------------------------------------------------|---------------------------------------------------------------------
  default | default | :8200   | GET    | /system/auth/editRole                   | gfast/app/system/api.(*sysRole).GetRole-fm                 | gtoken.(*GfToken).authMiddleware-fm,middleware.Ctx,middleware.Auth  
----------|---------|---------|--------|-----------------------------------------|------------------------------------------------------------|---------------------------------------------------------------------
  default | default | :8200   | PUT    | /system/auth/editRole                   | gfast/app/system/api.(*sysRole).EditRole-fm                | gtoken.(*GfToken).authMiddleware-fm,middleware.Ctx,middleware.Auth  
----------|---------|---------|--------|-----------------------------------------|------------------------------------------------------------|---------------------------------------------------------------------
  default | default | :8200   | PUT    | /system/auth/editUser                   | gfast/app/system/api.(*user).EditUser-fm                   | gtoken.(*GfToken).authMiddleware-fm,middleware.Ctx,middleware.Auth  
----------|---------|---------|--------|-----------------------------------------|------------------------------------------------------------|---------------------------------------------------------------------
  default | default | :8200   | GET    | /system/auth/getEditUser                | gfast/app/system/api.(*user).GetEditUser-fm                | gtoken.(*GfToken).authMiddleware-fm,middleware.Ctx,middleware.Auth  
----------|---------|---------|--------|-----------------------------------------|------------------------------------------------------------|---------------------------------------------------------------------
  default | default | :8200   | GET    | /system/auth/getMenus                   | gfast/app/system/api.(*authRule).GetMenus-fm               | gtoken.(*GfToken).authMiddleware-fm,middleware.Ctx,middleware.Auth  
----------|---------|---------|--------|-----------------------------------------|------------------------------------------------------------|---------------------------------------------------------------------
  default | default | :8200   | GET    | /system/auth/menu                       | gfast/app/system/api.(*authRule).GetMenu-fm                | gtoken.(*GfToken).authMiddleware-fm,middleware.Ctx,middleware.Auth  
----------|---------|---------|--------|-----------------------------------------|------------------------------------------------------------|---------------------------------------------------------------------
  default | default | :8200   | GET    | /system/auth/menuList                   | gfast/app/system/api.(*authRule).MenuList-fm               | gtoken.(*GfToken).authMiddleware-fm,middleware.Ctx,middleware.Auth  
----------|---------|---------|--------|-----------------------------------------|------------------------------------------------------------|---------------------------------------------------------------------
  default | default | :8200   | GET    | /system/auth/modelOptions               | gfast/app/system/api.(*authRule).ModelOptions-fm           | gtoken.(*GfToken).authMiddleware-fm,middleware.Ctx,middleware.Auth  
----------|---------|---------|--------|-----------------------------------------|------------------------------------------------------------|---------------------------------------------------------------------
  default | default | :8200   | POST   | /system/auth/postAdd                    | gfast/app/system/api.(*sysPost).Add-fm                     | gtoken.(*GfToken).authMiddleware-fm,middleware.Ctx,middleware.Auth  
----------|---------|---------|--------|-----------------------------------------|------------------------------------------------------------|---------------------------------------------------------------------
  default | default | :8200   | DELETE | /system/auth/postDelete                 | gfast/app/system/api.(*sysPost).Delete-fm                  | gtoken.(*GfToken).authMiddleware-fm,middleware.Ctx,middleware.Auth  
----------|---------|---------|--------|-----------------------------------------|------------------------------------------------------------|---------------------------------------------------------------------
  default | default | :8200   | PUT    | /system/auth/postEdit                   | gfast/app/system/api.(*sysPost).Edit-fm                    | gtoken.(*GfToken).authMiddleware-fm,middleware.Ctx,middleware.Auth  
----------|---------|---------|--------|-----------------------------------------|------------------------------------------------------------|---------------------------------------------------------------------
  default | default | :8200   | GET    | /system/auth/postGet                    | gfast/app/system/api.(*sysPost).Get-fm                     | gtoken.(*GfToken).authMiddleware-fm,middleware.Ctx,middleware.Auth  
----------|---------|---------|--------|-----------------------------------------|------------------------------------------------------------|---------------------------------------------------------------------
  default | default | :8200   | GET    | /system/auth/postList                   | gfast/app/system/api.(*sysPost).List-fm                    | gtoken.(*GfToken).authMiddleware-fm,middleware.Ctx,middleware.Auth  
----------|---------|---------|--------|-----------------------------------------|------------------------------------------------------------|---------------------------------------------------------------------
  default | default | :8200   | PUT    | /system/auth/resetUserPwd               | gfast/app/system/api.(*user).ResetUserPwd-fm               | gtoken.(*GfToken).authMiddleware-fm,middleware.Ctx,middleware.Auth  
----------|---------|---------|--------|-----------------------------------------|------------------------------------------------------------|---------------------------------------------------------------------
  default | default | :8200   | PUT    | /system/auth/roleDataScope              | gfast/app/system/api.(*sysRole).RoleDataScope-fm           | gtoken.(*GfToken).authMiddleware-fm,middleware.Ctx,middleware.Auth  
----------|---------|---------|--------|-----------------------------------------|------------------------------------------------------------|---------------------------------------------------------------------
  default | default | :8200   | GET    | /system/auth/roleDeptTreeSelect         | gfast/app/system/api.(*dept).RoleDeptTreeSelect-fm         | gtoken.(*GfToken).authMiddleware-fm,middleware.Ctx,middleware.Auth  
----------|---------|---------|--------|-----------------------------------------|------------------------------------------------------------|---------------------------------------------------------------------
  default | default | :8200   | GET    | /system/auth/roleList                   | gfast/app/system/api.(*sysRole).RoleList-fm                | gtoken.(*GfToken).authMiddleware-fm,middleware.Ctx,middleware.Auth  
----------|---------|---------|--------|-----------------------------------------|------------------------------------------------------------|---------------------------------------------------------------------
  default | default | :8200   | PUT    | /system/auth/statusSetRole              | gfast/app/system/api.(*sysRole).StatusSetRole-fm           | gtoken.(*GfToken).authMiddleware-fm,middleware.Ctx,middleware.Auth  
----------|---------|---------|--------|-----------------------------------------|------------------------------------------------------------|---------------------------------------------------------------------
  default | default | :8200   | GET    | /system/auth/userGet                    | gfast/app/system/api.(*user).Get-fm                        | gtoken.(*GfToken).authMiddleware-fm,middleware.Ctx,middleware.Auth  
----------|---------|---------|--------|-----------------------------------------|------------------------------------------------------------|---------------------------------------------------------------------
  default | default | :8200   | GET    | /system/auth/userList                   | gfast/app/system/api.(*user).UserList-fm                   | gtoken.(*GfToken).authMiddleware-fm,middleware.Ctx,middleware.Auth  
----------|---------|---------|--------|-----------------------------------------|------------------------------------------------------------|---------------------------------------------------------------------
  default | default | :8200   | GET    | /system/auth/usersGet                   | gfast/app/system/api.(*user).UsersGet-fm                   | gtoken.(*GfToken).authMiddleware-fm,middleware.Ctx,middleware.Auth  
----------|---------|---------|--------|-----------------------------------------|------------------------------------------------------------|---------------------------------------------------------------------
  default | default | :8200   | DELETE | /system/cache/clear                     | gfast/app/system/api.(*cache).Clear-fm                     | gtoken.(*GfToken).authMiddleware-fm,middleware.Ctx,middleware.Auth  
----------|---------|---------|--------|-----------------------------------------|------------------------------------------------------------|---------------------------------------------------------------------
  default | default | :8200   | GET    | /system/config/dict/data/GetDictData    | gfast/app/system/api.(*dictData).GetDictData-fm            | gtoken.(*GfToken).authMiddleware-fm,middleware.Ctx,middleware.Auth  
----------|---------|---------|--------|-----------------------------------------|------------------------------------------------------------|---------------------------------------------------------------------
  default | default | :8200   | POST   | /system/config/dict/data/add            | gfast/app/system/api.(*dictData).Add-fm                    | gtoken.(*GfToken).authMiddleware-fm,middleware.Ctx,middleware.Auth  
----------|---------|---------|--------|-----------------------------------------|------------------------------------------------------------|---------------------------------------------------------------------
  default | default | :8200   | DELETE | /system/config/dict/data/delete         | gfast/app/system/api.(*dictData).Delete-fm                 | gtoken.(*GfToken).authMiddleware-fm,middleware.Ctx,middleware.Auth  
----------|---------|---------|--------|-----------------------------------------|------------------------------------------------------------|---------------------------------------------------------------------
  default | default | :8200   | PUT    | /system/config/dict/data/edit           | gfast/app/system/api.(*dictData).Edit-fm                   | gtoken.(*GfToken).authMiddleware-fm,middleware.Ctx,middleware.Auth  
----------|---------|---------|--------|-----------------------------------------|------------------------------------------------------------|---------------------------------------------------------------------
  default | default | :8200   | GET    | /system/config/dict/data/list           | gfast/app/system/api.(*dictData).List-fm                   | gtoken.(*GfToken).authMiddleware-fm,middleware.Ctx,middleware.Auth  
----------|---------|---------|--------|-----------------------------------------|------------------------------------------------------------|---------------------------------------------------------------------
  default | default | :8200   | GET    | /system/config/dict/data/one            | gfast/app/system/api.(*dictData).Get-fm                    | gtoken.(*GfToken).authMiddleware-fm,middleware.Ctx,middleware.Auth  
----------|---------|---------|--------|-----------------------------------------|------------------------------------------------------------|---------------------------------------------------------------------
  default | default | :8200   | POST   | /system/config/dict/type/add            | gfast/app/system/api.(*dictType).Add-fm                    | gtoken.(*GfToken).authMiddleware-fm,middleware.Ctx,middleware.Auth  
----------|---------|---------|--------|-----------------------------------------|------------------------------------------------------------|---------------------------------------------------------------------
  default | default | :8200   | DELETE | /system/config/dict/type/delete         | gfast/app/system/api.(*dictType).Delete-fm                 | gtoken.(*GfToken).authMiddleware-fm,middleware.Ctx,middleware.Auth  
----------|---------|---------|--------|-----------------------------------------|------------------------------------------------------------|---------------------------------------------------------------------
  default | default | :8200   | PUT    | /system/config/dict/type/edit           | gfast/app/system/api.(*dictType).Edit-fm                   | gtoken.(*GfToken).authMiddleware-fm,middleware.Ctx,middleware.Auth  
----------|---------|---------|--------|-----------------------------------------|------------------------------------------------------------|---------------------------------------------------------------------
  default | default | :8200   | GET    | /system/config/dict/type/list           | gfast/app/system/api.(*dictType).List-fm                   | gtoken.(*GfToken).authMiddleware-fm,middleware.Ctx,middleware.Auth  
----------|---------|---------|--------|-----------------------------------------|------------------------------------------------------------|---------------------------------------------------------------------
  default | default | :8200   | GET    | /system/config/dict/type/one            | gfast/app/system/api.(*dictType).Get-fm                    | gtoken.(*GfToken).authMiddleware-fm,middleware.Ctx,middleware.Auth  
----------|---------|---------|--------|-----------------------------------------|------------------------------------------------------------|---------------------------------------------------------------------
  default | default | :8200   | GET    | /system/config/dict/type/optionSelect   | gfast/app/system/api.(*dictType).OptionSelect-fm           | gtoken.(*GfToken).authMiddleware-fm,middleware.Ctx,middleware.Auth  
----------|---------|---------|--------|-----------------------------------------|------------------------------------------------------------|---------------------------------------------------------------------
  default | default | :8200   | POST   | /system/config/sysConfig/add            | gfast/app/system/api.(*sysConfig).Add-fm                   | gtoken.(*GfToken).authMiddleware-fm,middleware.Ctx,middleware.Auth  
----------|---------|---------|--------|-----------------------------------------|------------------------------------------------------------|---------------------------------------------------------------------
  default | default | :8200   | DELETE | /system/config/sysConfig/delete         | gfast/app/system/api.(*sysConfig).Delete-fm                | gtoken.(*GfToken).authMiddleware-fm,middleware.Ctx,middleware.Auth  
----------|---------|---------|--------|-----------------------------------------|------------------------------------------------------------|---------------------------------------------------------------------
  default | default | :8200   | PUT    | /system/config/sysConfig/edit           | gfast/app/system/api.(*sysConfig).Edit-fm                  | gtoken.(*GfToken).authMiddleware-fm,middleware.Ctx,middleware.Auth  
----------|---------|---------|--------|-----------------------------------------|------------------------------------------------------------|---------------------------------------------------------------------
  default | default | :8200   | GET    | /system/config/sysConfig/list           | gfast/app/system/api.(*sysConfig).List-fm                  | gtoken.(*GfToken).authMiddleware-fm,middleware.Ctx,middleware.Auth  
----------|---------|---------|--------|-----------------------------------------|------------------------------------------------------------|---------------------------------------------------------------------
  default | default | :8200   | GET    | /system/config/sysConfig/one            | gfast/app/system/api.(*sysConfig).Get-fm                   | gtoken.(*GfToken).authMiddleware-fm,middleware.Ctx,middleware.Auth  
----------|---------|---------|--------|-----------------------------------------|------------------------------------------------------------|---------------------------------------------------------------------
  default | default | :8200   | GET    | /system/config/sysWebSet                | gfast/app/system/api.(*sysWebSet).Get-fm                   | gtoken.(*GfToken).authMiddleware-fm,middleware.Ctx,middleware.Auth  
----------|---------|---------|--------|-----------------------------------------|------------------------------------------------------------|---------------------------------------------------------------------
  default | default | :8200   | POST   | /system/config/sysWebSet/update         | gfast/app/system/api.(*sysWebSet).Update-fm                | gtoken.(*GfToken).authMiddleware-fm,middleware.Ctx,middleware.Auth  
----------|---------|---------|--------|-----------------------------------------|------------------------------------------------------------|---------------------------------------------------------------------
  default | default | :8200   | ALL    | /system/login                           | github.com/goflyfox/gtoken/gtoken.(*GfToken).Login-fm      | gtoken.(*GfToken).authMiddleware-fm                                 
----------|---------|---------|--------|-----------------------------------------|------------------------------------------------------------|---------------------------------------------------------------------
  default | default | :8200   | ALL    | /system/logout                          | github.com/goflyfox/gtoken/gtoken.(*GfToken).Logout-fm     | gtoken.(*GfToken).authMiddleware-fm                                 
----------|---------|---------|--------|-----------------------------------------|------------------------------------------------------------|---------------------------------------------------------------------
  default | default | :8200   | POST   | /system/monitor/job/add                 | gfast/app/system/api.(*sysJob).Add-fm                      | gtoken.(*GfToken).authMiddleware-fm,middleware.Ctx,middleware.Auth  
----------|---------|---------|--------|-----------------------------------------|------------------------------------------------------------|---------------------------------------------------------------------
  default | default | :8200   | DELETE | /system/monitor/job/delete              | gfast/app/system/api.(*sysJob).Delete-fm                   | gtoken.(*GfToken).authMiddleware-fm,middleware.Ctx,middleware.Auth  
----------|---------|---------|--------|-----------------------------------------|------------------------------------------------------------|---------------------------------------------------------------------
  default | default | :8200   | PUT    | /system/monitor/job/edit                | gfast/app/system/api.(*sysJob).Edit-fm                     | gtoken.(*GfToken).authMiddleware-fm,middleware.Ctx,middleware.Auth  
----------|---------|---------|--------|-----------------------------------------|------------------------------------------------------------|---------------------------------------------------------------------
  default | default | :8200   | GET    | /system/monitor/job/get                 | gfast/app/system/api.(*sysJob).Get-fm                      | gtoken.(*GfToken).authMiddleware-fm,middleware.Ctx,middleware.Auth  
----------|---------|---------|--------|-----------------------------------------|------------------------------------------------------------|---------------------------------------------------------------------
  default | default | :8200   | GET    | /system/monitor/job/list                | gfast/app/system/api.(*sysJob).List-fm                     | gtoken.(*GfToken).authMiddleware-fm,middleware.Ctx,middleware.Auth  
----------|---------|---------|--------|-----------------------------------------|------------------------------------------------------------|---------------------------------------------------------------------
  default | default | :8200   | PUT    | /system/monitor/job/run                 | gfast/app/system/api.(*sysJob).Run-fm                      | gtoken.(*GfToken).authMiddleware-fm,middleware.Ctx,middleware.Auth  
----------|---------|---------|--------|-----------------------------------------|------------------------------------------------------------|---------------------------------------------------------------------
  default | default | :8200   | PUT    | /system/monitor/job/start               | gfast/app/system/api.(*sysJob).Start-fm                    | gtoken.(*GfToken).authMiddleware-fm,middleware.Ctx,middleware.Auth  
----------|---------|---------|--------|-----------------------------------------|------------------------------------------------------------|---------------------------------------------------------------------
  default | default | :8200   | PUT    | /system/monitor/job/stop                | gfast/app/system/api.(*sysJob).Stop-fm                     | gtoken.(*GfToken).authMiddleware-fm,middleware.Ctx,middleware.Auth  
----------|---------|---------|--------|-----------------------------------------|------------------------------------------------------------|---------------------------------------------------------------------
  default | default | :8200   | DELETE | /system/monitor/loginLog/clear          | gfast/app/system/api.(*sysLoginLog).Clear-fm               | gtoken.(*GfToken).authMiddleware-fm,middleware.Ctx,middleware.Auth  
----------|---------|---------|--------|-----------------------------------------|------------------------------------------------------------|---------------------------------------------------------------------
  default | default | :8200   | DELETE | /system/monitor/loginLog/delete         | gfast/app/system/api.(*sysLoginLog).Delete-fm              | gtoken.(*GfToken).authMiddleware-fm,middleware.Ctx,middleware.Auth  
----------|---------|---------|--------|-----------------------------------------|------------------------------------------------------------|---------------------------------------------------------------------
  default | default | :8200   | GET    | /system/monitor/loginLog/list           | gfast/app/system/api.sysLoginLog.List-fm                   | gtoken.(*GfToken).authMiddleware-fm,middleware.Ctx,middleware.Auth  
----------|---------|---------|--------|-----------------------------------------|------------------------------------------------------------|---------------------------------------------------------------------
  default | default | :8200   | PUT    | /system/monitor/online/forceLogout      | gfast/app/system/api.(*sysUserOnline).ForceLogout-fm       | gtoken.(*GfToken).authMiddleware-fm,middleware.Ctx,middleware.Auth  
----------|---------|---------|--------|-----------------------------------------|------------------------------------------------------------|---------------------------------------------------------------------
  default | default | :8200   | GET    | /system/monitor/online/list             | gfast/app/system/api.(*sysUserOnline).List-fm              | gtoken.(*GfToken).authMiddleware-fm,middleware.Ctx,middleware.Auth  
----------|---------|---------|--------|-----------------------------------------|------------------------------------------------------------|---------------------------------------------------------------------
  default | default | :8200   | DELETE | /system/monitor/operLog/clear           | gfast/app/system/api.(*sysOperLog).Clear-fm                | gtoken.(*GfToken).authMiddleware-fm,middleware.Ctx,middleware.Auth  
----------|---------|---------|--------|-----------------------------------------|------------------------------------------------------------|---------------------------------------------------------------------
  default | default | :8200   | DELETE | /system/monitor/operLog/delete          | gfast/app/system/api.(*sysOperLog).Delete-fm               | gtoken.(*GfToken).authMiddleware-fm,middleware.Ctx,middleware.Auth  
----------|---------|---------|--------|-----------------------------------------|------------------------------------------------------------|---------------------------------------------------------------------
  default | default | :8200   | GET    | /system/monitor/operLog/detail          | gfast/app/system/api.(*sysOperLog).Detail-fm               | gtoken.(*GfToken).authMiddleware-fm,middleware.Ctx,middleware.Auth  
----------|---------|---------|--------|-----------------------------------------|------------------------------------------------------------|---------------------------------------------------------------------
  default | default | :8200   | GET    | /system/monitor/operLog/list            | gfast/app/system/api.(*sysOperLog).List-fm                 | gtoken.(*GfToken).authMiddleware-fm,middleware.Ctx,middleware.Auth  
----------|---------|---------|--------|-----------------------------------------|------------------------------------------------------------|---------------------------------------------------------------------
  default | default | :8200   | GET    | /system/monitor/server/info             | gfast/app/system/api.(*sysMonitor).Info-fm                 | gtoken.(*GfToken).authMiddleware-fm,middleware.Ctx,middleware.Auth  
----------|---------|---------|--------|-----------------------------------------|------------------------------------------------------------|---------------------------------------------------------------------
  default | default | :8200   | GET    | /system/pluginsManage/captcha           | gfast/app/system/api.(*pluginsManage).Captcha-fm           | gtoken.(*GfToken).authMiddleware-fm,middleware.Ctx,middleware.Auth  
----------|---------|---------|--------|-----------------------------------------|------------------------------------------------------------|---------------------------------------------------------------------
  default | default | :8200   | PUT    | /system/pluginsManage/changeStatus      | gfast/app/system/api.(*pluginsManage).ChangeStatus-fm      | gtoken.(*GfToken).authMiddleware-fm,middleware.Ctx,middleware.Auth  
----------|---------|---------|--------|-----------------------------------------|------------------------------------------------------------|---------------------------------------------------------------------
  default | default | :8200   | GET    | /system/pluginsManage/get               | gfast/app/system/api.(*pluginsManage).Get-fm               | gtoken.(*GfToken).authMiddleware-fm,middleware.Ctx,middleware.Auth  
----------|---------|---------|--------|-----------------------------------------|------------------------------------------------------------|---------------------------------------------------------------------
  default | default | :8200   | POST   | /system/pluginsManage/install           | gfast/app/system/api.(*pluginsManage).Install-fm           | gtoken.(*GfToken).authMiddleware-fm,middleware.Ctx,middleware.Auth  
----------|---------|---------|--------|-----------------------------------------|------------------------------------------------------------|---------------------------------------------------------------------
  default | default | :8200   | POST   | /system/pluginsManage/installOffLine    | gfast/app/system/api.(*pluginsManage).InstallOffLine-fm    | gtoken.(*GfToken).authMiddleware-fm,middleware.Ctx,middleware.Auth  
----------|---------|---------|--------|-----------------------------------------|------------------------------------------------------------|---------------------------------------------------------------------
  default | default | :8200   | GET    | /system/pluginsManage/list              | gfast/app/system/api.(*pluginsManage).List-fm              | gtoken.(*GfToken).authMiddleware-fm,middleware.Ctx,middleware.Auth  
----------|---------|---------|--------|-----------------------------------------|------------------------------------------------------------|---------------------------------------------------------------------
  default | default | :8200   | POST   | /system/pluginsManage/loginR            | gfast/app/system/api.(*pluginsManage).LoginR-fm            | gtoken.(*GfToken).authMiddleware-fm,middleware.Ctx,middleware.Auth  
----------|---------|---------|--------|-----------------------------------------|------------------------------------------------------------|---------------------------------------------------------------------
  default | default | :8200   | POST   | /system/sysBaby/add                     | gfast/app/system/api.(*sysBaby).Add-fm                     | gtoken.(*GfToken).authMiddleware-fm,middleware.Ctx,middleware.Auth  
----------|---------|---------|--------|-----------------------------------------|------------------------------------------------------------|---------------------------------------------------------------------
  default | default | :8200   | DELETE | /system/sysBaby/delete                  | gfast/app/system/api.(*sysBaby).Delete-fm                  | gtoken.(*GfToken).authMiddleware-fm,middleware.Ctx,middleware.Auth  
----------|---------|---------|--------|-----------------------------------------|------------------------------------------------------------|---------------------------------------------------------------------
  default | default | :8200   | PUT    | /system/sysBaby/edit                    | gfast/app/system/api.(*sysBaby).Edit-fm                    | gtoken.(*GfToken).authMiddleware-fm,middleware.Ctx,middleware.Auth  
----------|---------|---------|--------|-----------------------------------------|------------------------------------------------------------|---------------------------------------------------------------------
  default | default | :8200   | GET    | /system/sysBaby/get                     | gfast/app/system/api.(*sysBaby).Get-fm                     | gtoken.(*GfToken).authMiddleware-fm,middleware.Ctx,middleware.Auth  
----------|---------|---------|--------|-----------------------------------------|------------------------------------------------------------|---------------------------------------------------------------------
  default | default | :8200   | GET    | /system/sysBaby/list                    | gfast/app/system/api.(*sysBaby).List-fm                    | gtoken.(*GfToken).authMiddleware-fm,middleware.Ctx,middleware.Auth  
----------|---------|---------|--------|-----------------------------------------|------------------------------------------------------------|---------------------------------------------------------------------
  default | default | :8200   | POST   | /system/sysBabyBody/add                 | gfast/app/system/api.(*sysBabyBody).Add-fm                 | gtoken.(*GfToken).authMiddleware-fm,middleware.Ctx,middleware.Auth  
----------|---------|---------|--------|-----------------------------------------|------------------------------------------------------------|---------------------------------------------------------------------
  default | default | :8200   | DELETE | /system/sysBabyBody/delete              | gfast/app/system/api.(*sysBabyBody).Delete-fm              | gtoken.(*GfToken).authMiddleware-fm,middleware.Ctx,middleware.Auth  
----------|---------|---------|--------|-----------------------------------------|------------------------------------------------------------|---------------------------------------------------------------------
  default | default | :8200   | PUT    | /system/sysBabyBody/edit                | gfast/app/system/api.(*sysBabyBody).Edit-fm                | gtoken.(*GfToken).authMiddleware-fm,middleware.Ctx,middleware.Auth  
----------|---------|---------|--------|-----------------------------------------|------------------------------------------------------------|---------------------------------------------------------------------
  default | default | :8200   | GET    | /system/sysBabyBody/get                 | gfast/app/system/api.(*sysBabyBody).Get-fm                 | gtoken.(*GfToken).authMiddleware-fm,middleware.Ctx,middleware.Auth  
----------|---------|---------|--------|-----------------------------------------|------------------------------------------------------------|---------------------------------------------------------------------
  default | default | :8200   | GET    | /system/sysBabyBody/list                | gfast/app/system/api.(*sysBabyBody).List-fm                | gtoken.(*GfToken).authMiddleware-fm,middleware.Ctx,middleware.Auth  
----------|---------|---------|--------|-----------------------------------------|------------------------------------------------------------|---------------------------------------------------------------------
  default | default | :8200   | POST   | /system/sysBabyDiaper/add               | gfast/app/system/api.(*sysBabyDiaper).Add-fm               | gtoken.(*GfToken).authMiddleware-fm,middleware.Ctx,middleware.Auth  
----------|---------|---------|--------|-----------------------------------------|------------------------------------------------------------|---------------------------------------------------------------------
  default | default | :8200   | DELETE | /system/sysBabyDiaper/delete            | gfast/app/system/api.(*sysBabyDiaper).Delete-fm            | gtoken.(*GfToken).authMiddleware-fm,middleware.Ctx,middleware.Auth  
----------|---------|---------|--------|-----------------------------------------|------------------------------------------------------------|---------------------------------------------------------------------
  default | default | :8200   | PUT    | /system/sysBabyDiaper/edit              | gfast/app/system/api.(*sysBabyDiaper).Edit-fm              | gtoken.(*GfToken).authMiddleware-fm,middleware.Ctx,middleware.Auth  
----------|---------|---------|--------|-----------------------------------------|------------------------------------------------------------|---------------------------------------------------------------------
  default | default | :8200   | GET    | /system/sysBabyDiaper/get               | gfast/app/system/api.(*sysBabyDiaper).Get-fm               | gtoken.(*GfToken).authMiddleware-fm,middleware.Ctx,middleware.Auth  
----------|---------|---------|--------|-----------------------------------------|------------------------------------------------------------|---------------------------------------------------------------------
  default | default | :8200   | GET    | /system/sysBabyDiaper/list              | gfast/app/system/api.(*sysBabyDiaper).List-fm              | gtoken.(*GfToken).authMiddleware-fm,middleware.Ctx,middleware.Auth  
----------|---------|---------|--------|-----------------------------------------|------------------------------------------------------------|---------------------------------------------------------------------
  default | default | :8200   | POST   | /system/sysBabyFoodBreastPump/add       | gfast/app/system/api.(*sysBabyFoodBreastPump).Add-fm       | gtoken.(*GfToken).authMiddleware-fm,middleware.Ctx,middleware.Auth  
----------|---------|---------|--------|-----------------------------------------|------------------------------------------------------------|---------------------------------------------------------------------
  default | default | :8200   | DELETE | /system/sysBabyFoodBreastPump/delete    | gfast/app/system/api.(*sysBabyFoodBreastPump).Delete-fm    | gtoken.(*GfToken).authMiddleware-fm,middleware.Ctx,middleware.Auth  
----------|---------|---------|--------|-----------------------------------------|------------------------------------------------------------|---------------------------------------------------------------------
  default | default | :8200   | PUT    | /system/sysBabyFoodBreastPump/edit      | gfast/app/system/api.(*sysBabyFoodBreastPump).Edit-fm      | gtoken.(*GfToken).authMiddleware-fm,middleware.Ctx,middleware.Auth  
----------|---------|---------|--------|-----------------------------------------|------------------------------------------------------------|---------------------------------------------------------------------
  default | default | :8200   | GET    | /system/sysBabyFoodBreastPump/get       | gfast/app/system/api.(*sysBabyFoodBreastPump).Get-fm       | gtoken.(*GfToken).authMiddleware-fm,middleware.Ctx,middleware.Auth  
----------|---------|---------|--------|-----------------------------------------|------------------------------------------------------------|---------------------------------------------------------------------
  default | default | :8200   | GET    | /system/sysBabyFoodBreastPump/list      | gfast/app/system/api.(*sysBabyFoodBreastPump).List-fm      | gtoken.(*GfToken).authMiddleware-fm,middleware.Ctx,middleware.Auth  
----------|---------|---------|--------|-----------------------------------------|------------------------------------------------------------|---------------------------------------------------------------------
  default | default | :8200   | POST   | /system/sysBabyFoodComplementary/add    | gfast/app/system/api.(*sysBabyFoodComplementary).Add-fm    | gtoken.(*GfToken).authMiddleware-fm,middleware.Ctx,middleware.Auth  
----------|---------|---------|--------|-----------------------------------------|------------------------------------------------------------|---------------------------------------------------------------------
  default | default | :8200   | DELETE | /system/sysBabyFoodComplementary/delete | gfast/app/system/api.(*sysBabyFoodComplementary).Delete-fm | gtoken.(*GfToken).authMiddleware-fm,middleware.Ctx,middleware.Auth  
----------|---------|---------|--------|-----------------------------------------|------------------------------------------------------------|---------------------------------------------------------------------
  default | default | :8200   | PUT    | /system/sysBabyFoodComplementary/edit   | gfast/app/system/api.(*sysBabyFoodComplementary).Edit-fm   | gtoken.(*GfToken).authMiddleware-fm,middleware.Ctx,middleware.Auth  
----------|---------|---------|--------|-----------------------------------------|------------------------------------------------------------|---------------------------------------------------------------------
  default | default | :8200   | GET    | /system/sysBabyFoodComplementary/get    | gfast/app/system/api.(*sysBabyFoodComplementary).Get-fm    | gtoken.(*GfToken).authMiddleware-fm,middleware.Ctx,middleware.Auth  
----------|---------|---------|--------|-----------------------------------------|------------------------------------------------------------|---------------------------------------------------------------------
  default | default | :8200   | GET    | /system/sysBabyFoodComplementary/list   | gfast/app/system/api.(*sysBabyFoodComplementary).List-fm   | gtoken.(*GfToken).authMiddleware-fm,middleware.Ctx,middleware.Auth  
----------|---------|---------|--------|-----------------------------------------|------------------------------------------------------------|---------------------------------------------------------------------
  default | default | :8200   | POST   | /system/sysBabyFoodFeedingBottle/add    | gfast/app/system/api.(*sysBabyFoodFeedingBottle).Add-fm    | gtoken.(*GfToken).authMiddleware-fm,middleware.Ctx,middleware.Auth  
----------|---------|---------|--------|-----------------------------------------|------------------------------------------------------------|---------------------------------------------------------------------
  default | default | :8200   | DELETE | /system/sysBabyFoodFeedingBottle/delete | gfast/app/system/api.(*sysBabyFoodFeedingBottle).Delete-fm | gtoken.(*GfToken).authMiddleware-fm,middleware.Ctx,middleware.Auth  
----------|---------|---------|--------|-----------------------------------------|------------------------------------------------------------|---------------------------------------------------------------------
  default | default | :8200   | PUT    | /system/sysBabyFoodFeedingBottle/edit   | gfast/app/system/api.(*sysBabyFoodFeedingBottle).Edit-fm   | gtoken.(*GfToken).authMiddleware-fm,middleware.Ctx,middleware.Auth  
----------|---------|---------|--------|-----------------------------------------|------------------------------------------------------------|---------------------------------------------------------------------
  default | default | :8200   | GET    | /system/sysBabyFoodFeedingBottle/get    | gfast/app/system/api.(*sysBabyFoodFeedingBottle).Get-fm    | gtoken.(*GfToken).authMiddleware-fm,middleware.Ctx,middleware.Auth  
----------|---------|---------|--------|-----------------------------------------|------------------------------------------------------------|---------------------------------------------------------------------
  default | default | :8200   | GET    | /system/sysBabyFoodFeedingBottle/list   | gfast/app/system/api.(*sysBabyFoodFeedingBottle).List-fm   | gtoken.(*GfToken).authMiddleware-fm,middleware.Ctx,middleware.Auth  
----------|---------|---------|--------|-----------------------------------------|------------------------------------------------------------|---------------------------------------------------------------------
  default | default | :8200   | POST   | /system/sysBabyFoodFeedingMother/add    | gfast/app/system/api.(*sysBabyFoodFeedingMother).Add-fm    | gtoken.(*GfToken).authMiddleware-fm,middleware.Ctx,middleware.Auth  
----------|---------|---------|--------|-----------------------------------------|------------------------------------------------------------|---------------------------------------------------------------------
  default | default | :8200   | DELETE | /system/sysBabyFoodFeedingMother/delete | gfast/app/system/api.(*sysBabyFoodFeedingMother).Delete-fm | gtoken.(*GfToken).authMiddleware-fm,middleware.Ctx,middleware.Auth  
----------|---------|---------|--------|-----------------------------------------|------------------------------------------------------------|---------------------------------------------------------------------
  default | default | :8200   | PUT    | /system/sysBabyFoodFeedingMother/edit   | gfast/app/system/api.(*sysBabyFoodFeedingMother).Edit-fm   | gtoken.(*GfToken).authMiddleware-fm,middleware.Ctx,middleware.Auth  
----------|---------|---------|--------|-----------------------------------------|------------------------------------------------------------|---------------------------------------------------------------------
  default | default | :8200   | GET    | /system/sysBabyFoodFeedingMother/get    | gfast/app/system/api.(*sysBabyFoodFeedingMother).Get-fm    | gtoken.(*GfToken).authMiddleware-fm,middleware.Ctx,middleware.Auth  
----------|---------|---------|--------|-----------------------------------------|------------------------------------------------------------|---------------------------------------------------------------------
  default | default | :8200   | GET    | /system/sysBabyFoodFeedingMother/list   | gfast/app/system/api.(*sysBabyFoodFeedingMother).List-fm   | gtoken.(*GfToken).authMiddleware-fm,middleware.Ctx,middleware.Auth  
----------|---------|---------|--------|-----------------------------------------|------------------------------------------------------------|---------------------------------------------------------------------
  default | default | :8200   | POST   | /system/sysUserBaby/add                 | gfast/app/system/api.(*sysUserBaby).Add-fm                 | gtoken.(*GfToken).authMiddleware-fm,middleware.Ctx,middleware.Auth  
----------|---------|---------|--------|-----------------------------------------|------------------------------------------------------------|---------------------------------------------------------------------
  default | default | :8200   | DELETE | /system/sysUserBaby/delete              | gfast/app/system/api.(*sysUserBaby).Delete-fm              | gtoken.(*GfToken).authMiddleware-fm,middleware.Ctx,middleware.Auth  
----------|---------|---------|--------|-----------------------------------------|------------------------------------------------------------|---------------------------------------------------------------------
  default | default | :8200   | PUT    | /system/sysUserBaby/edit                | gfast/app/system/api.(*sysUserBaby).Edit-fm                | gtoken.(*GfToken).authMiddleware-fm,middleware.Ctx,middleware.Auth  
----------|---------|---------|--------|-----------------------------------------|------------------------------------------------------------|---------------------------------------------------------------------
  default | default | :8200   | GET    | /system/sysUserBaby/get                 | gfast/app/system/api.(*sysUserBaby).Get-fm                 | gtoken.(*GfToken).authMiddleware-fm,middleware.Ctx,middleware.Auth  
----------|---------|---------|--------|-----------------------------------------|------------------------------------------------------------|---------------------------------------------------------------------
  default | default | :8200   | GET    | /system/sysUserBaby/list                | gfast/app/system/api.(*sysUserBaby).List-fm                | gtoken.(*GfToken).authMiddleware-fm,middleware.Ctx,middleware.Auth  
----------|---------|---------|--------|-----------------------------------------|------------------------------------------------------------|---------------------------------------------------------------------
  default | default | :8200   | POST   | /system/sysUserBind/add                 | gfast/app/system/api.(*sysUserBind).Add-fm                 | gtoken.(*GfToken).authMiddleware-fm,middleware.Ctx,middleware.Auth  
----------|---------|---------|--------|-----------------------------------------|------------------------------------------------------------|---------------------------------------------------------------------
  default | default | :8200   | DELETE | /system/sysUserBind/delete              | gfast/app/system/api.(*sysUserBind).Delete-fm              | gtoken.(*GfToken).authMiddleware-fm,middleware.Ctx,middleware.Auth  
----------|---------|---------|--------|-----------------------------------------|------------------------------------------------------------|---------------------------------------------------------------------
  default | default | :8200   | PUT    | /system/sysUserBind/edit                | gfast/app/system/api.(*sysUserBind).Edit-fm                | gtoken.(*GfToken).authMiddleware-fm,middleware.Ctx,middleware.Auth  
----------|---------|---------|--------|-----------------------------------------|------------------------------------------------------------|---------------------------------------------------------------------
  default | default | :8200   | GET    | /system/sysUserBind/get                 | gfast/app/system/api.(*sysUserBind).Get-fm                 | gtoken.(*GfToken).authMiddleware-fm,middleware.Ctx,middleware.Auth  
----------|---------|---------|--------|-----------------------------------------|------------------------------------------------------------|---------------------------------------------------------------------
  default | default | :8200   | GET    | /system/sysUserBind/list                | gfast/app/system/api.(*sysUserBind).List-fm                | gtoken.(*GfToken).authMiddleware-fm,middleware.Ctx,middleware.Auth  
----------|---------|---------|--------|-----------------------------------------|------------------------------------------------------------|---------------------------------------------------------------------
  default | default | :8200   | PUT    | /system/tools/gen/batchGenCode          | gfast/app/system/api.(*toolsGenTable).BatchGenCode-fm      | gtoken.(*GfToken).authMiddleware-fm,middleware.Ctx,middleware.Auth  
----------|---------|---------|--------|-----------------------------------------|------------------------------------------------------------|---------------------------------------------------------------------
  default | default | :8200   | GET    | /system/tools/gen/columnList            | gfast/app/system/api.(*toolsGenTable).ColumnList-fm        | gtoken.(*GfToken).authMiddleware-fm,middleware.Ctx,middleware.Auth  
----------|---------|---------|--------|-----------------------------------------|------------------------------------------------------------|---------------------------------------------------------------------
  default | default | :8200   | GET    | /system/tools/gen/dataList              | gfast/app/system/api.(*toolsGenTable).DataList-fm          | gtoken.(*GfToken).authMiddleware-fm,middleware.Ctx,middleware.Auth  
----------|---------|---------|--------|-----------------------------------------|------------------------------------------------------------|---------------------------------------------------------------------
  default | default | :8200   | DELETE | /system/tools/gen/delete                | gfast/app/system/api.(*toolsGenTable).Delete-fm            | gtoken.(*GfToken).authMiddleware-fm,middleware.Ctx,middleware.Auth  
----------|---------|---------|--------|-----------------------------------------|------------------------------------------------------------|---------------------------------------------------------------------
  default | default | :8200   | PUT    | /system/tools/gen/editSave              | gfast/app/system/api.(*toolsGenTable).EditSave-fm          | gtoken.(*GfToken).authMiddleware-fm,middleware.Ctx,middleware.Auth  
----------|---------|---------|--------|-----------------------------------------|------------------------------------------------------------|---------------------------------------------------------------------
  default | default | :8200   | POST   | /system/tools/gen/importTableSave       | gfast/app/system/api.(*toolsGenTable).ImportTableSave-fm   | gtoken.(*GfToken).authMiddleware-fm,middleware.Ctx,middleware.Auth  
----------|---------|---------|--------|-----------------------------------------|------------------------------------------------------------|---------------------------------------------------------------------
  default | default | :8200   | GET    | /system/tools/gen/preview               | gfast/app/system/api.(*toolsGenTable).Preview-fm           | gtoken.(*GfToken).authMiddleware-fm,middleware.Ctx,middleware.Auth  
----------|---------|---------|--------|-----------------------------------------|------------------------------------------------------------|---------------------------------------------------------------------
  default | default | :8200   | GET    | /system/tools/gen/relationTable         | gfast/app/system/api.(*toolsGenTable).RelationTable-fm     | gtoken.(*GfToken).authMiddleware-fm,middleware.Ctx,middleware.Auth  
----------|---------|---------|--------|-----------------------------------------|------------------------------------------------------------|---------------------------------------------------------------------
  default | default | :8200   | GET    | /system/tools/gen/tableList             | gfast/app/system/api.(*toolsGenTable).TableList-fm         | gtoken.(*GfToken).authMiddleware-fm,middleware.Ctx,middleware.Auth  
----------|---------|---------|--------|-----------------------------------------|------------------------------------------------------------|---------------------------------------------------------------------
  default | default | :8200   | POST   | /system/upload/ckEditorUp               | gfast/app/system/api.(*upload).CkEditorUp-fm               | gtoken.(*GfToken).authMiddleware-fm,middleware.Ctx,middleware.Auth  
----------|---------|---------|--------|-----------------------------------------|------------------------------------------------------------|---------------------------------------------------------------------
  default | default | :8200   | POST   | /system/upload/upFile                   | gfast/app/system/api.(*upload).UpFile-fm                   | gtoken.(*GfToken).authMiddleware-fm,middleware.Ctx,middleware.Auth  
----------|---------|---------|--------|-----------------------------------------|------------------------------------------------------------|---------------------------------------------------------------------
  default | default | :8200   | POST   | /system/upload/upFiles                  | gfast/app/system/api.(*upload).UpFiles-fm                  | gtoken.(*GfToken).authMiddleware-fm,middleware.Ctx,middleware.Auth  
----------|---------|---------|--------|-----------------------------------------|------------------------------------------------------------|---------------------------------------------------------------------
  default | default | :8200   | POST   | /system/upload/upImg                    | gfast/app/system/api.(*upload).UpImg-fm                    | gtoken.(*GfToken).authMiddleware-fm,middleware.Ctx,middleware.Auth  
----------|---------|---------|--------|-----------------------------------------|------------------------------------------------------------|---------------------------------------------------------------------
  default | default | :8200   | POST   | /system/upload/upImgs                   | gfast/app/system/api.(*upload).UpImgs-fm                   | gtoken.(*GfToken).authMiddleware-fm,middleware.Ctx,middleware.Auth  
----------|---------|---------|--------|-----------------------------------------|------------------------------------------------------------|---------------------------------------------------------------------
  default | default | :8200   | POST   | /system/user/avatar                     | gfast/app/system/api.(*userProfile).Avatar-fm              | gtoken.(*GfToken).authMiddleware-fm,middleware.Ctx,middleware.Auth  
----------|---------|---------|--------|-----------------------------------------|------------------------------------------------------------|---------------------------------------------------------------------
  default | default | :8200   | PUT    | /system/user/edit                       | gfast/app/system/api.(*userProfile).Edit-fm                | gtoken.(*GfToken).authMiddleware-fm,middleware.Ctx,middleware.Auth  
----------|---------|---------|--------|-----------------------------------------|------------------------------------------------------------|---------------------------------------------------------------------
  default | default | :8200   | GET    | /system/user/getInfo                    | gfast/app/system/api.(*user).GetInfo-fm                    | gtoken.(*GfToken).authMiddleware-fm,middleware.Ctx,middleware.Auth  
----------|---------|---------|--------|-----------------------------------------|------------------------------------------------------------|---------------------------------------------------------------------
  default | default | :8200   | GET    | /system/user/getRouters                 | gfast/app/system/api.(*user).GetRouters-fm                 | gtoken.(*GfToken).authMiddleware-fm,middleware.Ctx,middleware.Auth  
----------|---------|---------|--------|-----------------------------------------|------------------------------------------------------------|---------------------------------------------------------------------
  default | default | :8200   | GET    | /system/user/profile                    | gfast/app/system/api.(*userProfile).Profile-fm             | gtoken.(*GfToken).authMiddleware-fm,middleware.Ctx,middleware.Auth  
----------|---------|---------|--------|-----------------------------------------|------------------------------------------------------------|---------------------------------------------------------------------
  default | default | :8200   | PUT    | /system/user/updatePwd                  | gfast/app/system/api.(*userProfile).UpdatePwd-fm           | gtoken.(*GfToken).authMiddleware-fm,middleware.Ctx,middleware.Auth  
----------|---------|---------|--------|-----------------------------------------|------------------------------------------------------------|---------------------------------------------------------------------
  default | default | :8200   | POST   | /v1/baby/add                            | gfast/app/v1/api.(*baby).Add-fm                            | middleware.Token,middleware.MiddlewareErrorHandler                  
----------|---------|---------|--------|-----------------------------------------|------------------------------------------------------------|---------------------------------------------------------------------
  default | default | :8200   | DELETE | /v1/baby/delete                         | gfast/app/v1/api.(*baby).Delete-fm                         | middleware.Token,middleware.MiddlewareErrorHandler                  
----------|---------|---------|--------|-----------------------------------------|------------------------------------------------------------|---------------------------------------------------------------------
  default | default | :8200   | PUT    | /v1/baby/edit                           | gfast/app/v1/api.(*baby).Edit-fm                           | middleware.Token,middleware.MiddlewareErrorHandler                  
----------|---------|---------|--------|-----------------------------------------|------------------------------------------------------------|---------------------------------------------------------------------
  default | default | :8200   | GET    | /v1/baby/get                            | gfast/app/v1/api.(*baby).Get-fm                            | middleware.Token,middleware.MiddlewareErrorHandler                  
----------|---------|---------|--------|-----------------------------------------|------------------------------------------------------------|---------------------------------------------------------------------
  default | default | :8200   | GET    | /v1/baby/list                           | gfast/app/v1/api.(*baby).List-fm                           | middleware.Token,middleware.MiddlewareErrorHandler                  
----------|---------|---------|--------|-----------------------------------------|------------------------------------------------------------|---------------------------------------------------------------------
  default | default | :8200   | POST   | /v1/babyBody/add                        | gfast/app/v1/api.(*sysBabyBody).Add-fm                     | middleware.Token,middleware.MiddlewareErrorHandler                  
----------|---------|---------|--------|-----------------------------------------|------------------------------------------------------------|---------------------------------------------------------------------
  default | default | :8200   | DELETE | /v1/babyBody/delete                     | gfast/app/v1/api.(*sysBabyBody).Delete-fm                  | middleware.Token,middleware.MiddlewareErrorHandler                  
----------|---------|---------|--------|-----------------------------------------|------------------------------------------------------------|---------------------------------------------------------------------
  default | default | :8200   | PUT    | /v1/babyBody/edit                       | gfast/app/v1/api.(*sysBabyBody).Edit-fm                    | middleware.Token,middleware.MiddlewareErrorHandler                  
----------|---------|---------|--------|-----------------------------------------|------------------------------------------------------------|---------------------------------------------------------------------
  default | default | :8200   | GET    | /v1/babyBody/get                        | gfast/app/v1/api.(*sysBabyBody).Get-fm                     | middleware.Token,middleware.MiddlewareErrorHandler                  
----------|---------|---------|--------|-----------------------------------------|------------------------------------------------------------|---------------------------------------------------------------------
  default | default | :8200   | GET    | /v1/babyBody/list                       | gfast/app/v1/api.(*sysBabyBody).List-fm                    | middleware.Token,middleware.MiddlewareErrorHandler                  
----------|---------|---------|--------|-----------------------------------------|------------------------------------------------------------|---------------------------------------------------------------------
  default | default | :8200   | POST   | /v1/babyDiaper/add                      | gfast/app/v1/api.(*sysBabyDiaper).Add-fm                   | middleware.Token,middleware.MiddlewareErrorHandler                  
----------|---------|---------|--------|-----------------------------------------|------------------------------------------------------------|---------------------------------------------------------------------
  default | default | :8200   | DELETE | /v1/babyDiaper/delete                   | gfast/app/v1/api.(*sysBabyDiaper).Delete-fm                | middleware.Token,middleware.MiddlewareErrorHandler                  
----------|---------|---------|--------|-----------------------------------------|------------------------------------------------------------|---------------------------------------------------------------------
  default | default | :8200   | PUT    | /v1/babyDiaper/edit                     | gfast/app/v1/api.(*sysBabyDiaper).Edit-fm                  | middleware.Token,middleware.MiddlewareErrorHandler                  
----------|---------|---------|--------|-----------------------------------------|------------------------------------------------------------|---------------------------------------------------------------------
  default | default | :8200   | GET    | /v1/babyDiaper/get                      | gfast/app/v1/api.(*sysBabyDiaper).Get-fm                   | middleware.Token,middleware.MiddlewareErrorHandler                  
----------|---------|---------|--------|-----------------------------------------|------------------------------------------------------------|---------------------------------------------------------------------
  default | default | :8200   | GET    | /v1/babyDiaper/list                     | gfast/app/v1/api.(*sysBabyDiaper).List-fm                  | middleware.Token,middleware.MiddlewareErrorHandler                  
----------|---------|---------|--------|-----------------------------------------|------------------------------------------------------------|---------------------------------------------------------------------
  default | default | :8200   | POST   | /v1/babyFoodBreastPump/add              | gfast/app/v1/api.(*sysBabyFoodBreastPump).Add-fm           | middleware.Token,middleware.MiddlewareErrorHandler                  
----------|---------|---------|--------|-----------------------------------------|------------------------------------------------------------|---------------------------------------------------------------------
  default | default | :8200   | DELETE | /v1/babyFoodBreastPump/delete           | gfast/app/v1/api.(*sysBabyFoodBreastPump).Delete-fm        | middleware.Token,middleware.MiddlewareErrorHandler                  
----------|---------|---------|--------|-----------------------------------------|------------------------------------------------------------|---------------------------------------------------------------------
  default | default | :8200   | PUT    | /v1/babyFoodBreastPump/edit             | gfast/app/v1/api.(*sysBabyFoodBreastPump).Edit-fm          | middleware.Token,middleware.MiddlewareErrorHandler                  
----------|---------|---------|--------|-----------------------------------------|------------------------------------------------------------|---------------------------------------------------------------------
  default | default | :8200   | GET    | /v1/babyFoodBreastPump/get              | gfast/app/v1/api.(*sysBabyFoodBreastPump).Get-fm           | middleware.Token,middleware.MiddlewareErrorHandler                  
----------|---------|---------|--------|-----------------------------------------|------------------------------------------------------------|---------------------------------------------------------------------
  default | default | :8200   | GET    | /v1/babyFoodBreastPump/list             | gfast/app/v1/api.(*sysBabyFoodBreastPump).List-fm          | middleware.Token,middleware.MiddlewareErrorHandler                  
----------|---------|---------|--------|-----------------------------------------|------------------------------------------------------------|---------------------------------------------------------------------
  default | default | :8200   | POST   | /v1/babyFoodComplementary/add           | gfast/app/v1/api.(*sysBabyFoodComplementary).Add-fm        | middleware.Token,middleware.MiddlewareErrorHandler                  
----------|---------|---------|--------|-----------------------------------------|------------------------------------------------------------|---------------------------------------------------------------------
  default | default | :8200   | DELETE | /v1/babyFoodComplementary/delete        | gfast/app/v1/api.(*sysBabyFoodComplementary).Delete-fm     | middleware.Token,middleware.MiddlewareErrorHandler                  
----------|---------|---------|--------|-----------------------------------------|------------------------------------------------------------|---------------------------------------------------------------------
  default | default | :8200   | PUT    | /v1/babyFoodComplementary/edit          | gfast/app/v1/api.(*sysBabyFoodComplementary).Edit-fm       | middleware.Token,middleware.MiddlewareErrorHandler                  
----------|---------|---------|--------|-----------------------------------------|------------------------------------------------------------|---------------------------------------------------------------------
  default | default | :8200   | GET    | /v1/babyFoodComplementary/get           | gfast/app/v1/api.(*sysBabyFoodComplementary).Get-fm        | middleware.Token,middleware.MiddlewareErrorHandler                  
----------|---------|---------|--------|-----------------------------------------|------------------------------------------------------------|---------------------------------------------------------------------
  default | default | :8200   | GET    | /v1/babyFoodComplementary/list          | gfast/app/v1/api.(*sysBabyFoodComplementary).List-fm       | middleware.Token,middleware.MiddlewareErrorHandler                  
----------|---------|---------|--------|-----------------------------------------|------------------------------------------------------------|---------------------------------------------------------------------
  default | default | :8200   | POST   | /v1/babyFoodFeedingBottle/add           | gfast/app/v1/api.(*sysBabyFoodFeedingBottle).Add-fm        | middleware.Token,middleware.MiddlewareErrorHandler                  
----------|---------|---------|--------|-----------------------------------------|------------------------------------------------------------|---------------------------------------------------------------------
  default | default | :8200   | DELETE | /v1/babyFoodFeedingBottle/delete        | gfast/app/v1/api.(*sysBabyFoodFeedingBottle).Delete-fm     | middleware.Token,middleware.MiddlewareErrorHandler                  
----------|---------|---------|--------|-----------------------------------------|------------------------------------------------------------|---------------------------------------------------------------------
  default | default | :8200   | PUT    | /v1/babyFoodFeedingBottle/edit          | gfast/app/v1/api.(*sysBabyFoodFeedingBottle).Edit-fm       | middleware.Token,middleware.MiddlewareErrorHandler                  
----------|---------|---------|--------|-----------------------------------------|------------------------------------------------------------|---------------------------------------------------------------------
  default | default | :8200   | GET    | /v1/babyFoodFeedingBottle/get           | gfast/app/v1/api.(*sysBabyFoodFeedingBottle).Get-fm        | middleware.Token,middleware.MiddlewareErrorHandler                  
----------|---------|---------|--------|-----------------------------------------|------------------------------------------------------------|---------------------------------------------------------------------
  default | default | :8200   | GET    | /v1/babyFoodFeedingBottle/list          | gfast/app/v1/api.(*sysBabyFoodFeedingBottle).List-fm       | middleware.Token,middleware.MiddlewareErrorHandler                  
----------|---------|---------|--------|-----------------------------------------|------------------------------------------------------------|---------------------------------------------------------------------
  default | default | :8200   | POST   | /v1/babyFoodFeedingMother/add           | gfast/app/v1/api.(*sysBabyFoodFeedingMother).Add-fm        | middleware.Token,middleware.MiddlewareErrorHandler                  
----------|---------|---------|--------|-----------------------------------------|------------------------------------------------------------|---------------------------------------------------------------------
  default | default | :8200   | DELETE | /v1/babyFoodFeedingMother/delete        | gfast/app/v1/api.(*sysBabyFoodFeedingMother).Delete-fm     | middleware.Token,middleware.MiddlewareErrorHandler                  
----------|---------|---------|--------|-----------------------------------------|------------------------------------------------------------|---------------------------------------------------------------------
  default | default | :8200   | PUT    | /v1/babyFoodFeedingMother/edit          | gfast/app/v1/api.(*sysBabyFoodFeedingMother).Edit-fm       | middleware.Token,middleware.MiddlewareErrorHandler                  
----------|---------|---------|--------|-----------------------------------------|------------------------------------------------------------|---------------------------------------------------------------------
  default | default | :8200   | GET    | /v1/babyFoodFeedingMother/get           | gfast/app/v1/api.(*sysBabyFoodFeedingMother).Get-fm        | middleware.Token,middleware.MiddlewareErrorHandler                  
----------|---------|---------|--------|-----------------------------------------|------------------------------------------------------------|---------------------------------------------------------------------
  default | default | :8200   | GET    | /v1/babyFoodFeedingMother/list          | gfast/app/v1/api.(*sysBabyFoodFeedingMother).List-fm       | middleware.Token,middleware.MiddlewareErrorHandler                  
----------|---------|---------|--------|-----------------------------------------|------------------------------------------------------------|---------------------------------------------------------------------
  default | default | :8200   | POST   | /v1/upload/ckEditorUp                   | gfast/app/v1/api.(*upload).CkEditorUp-fm                   | middleware.Token,middleware.MiddlewareErrorHandler                  
----------|---------|---------|--------|-----------------------------------------|------------------------------------------------------------|---------------------------------------------------------------------
  default | default | :8200   | POST   | /v1/upload/upFile                       | gfast/app/v1/api.(*upload).UpFile-fm                       | middleware.Token,middleware.MiddlewareErrorHandler                  
----------|---------|---------|--------|-----------------------------------------|------------------------------------------------------------|---------------------------------------------------------------------
  default | default | :8200   | POST   | /v1/upload/upFiles                      | gfast/app/v1/api.(*upload).UpFiles-fm                      | middleware.Token,middleware.MiddlewareErrorHandler                  
----------|---------|---------|--------|-----------------------------------------|------------------------------------------------------------|---------------------------------------------------------------------
  default | default | :8200   | POST   | /v1/upload/upImg                        | gfast/app/v1/api.(*upload).UpImg-fm                        | middleware.Token,middleware.MiddlewareErrorHandler                  
----------|---------|---------|--------|-----------------------------------------|------------------------------------------------------------|---------------------------------------------------------------------
  default | default | :8200   | POST   | /v1/upload/upImgs                       | gfast/app/v1/api.(*upload).UpImgs-fm                       | middleware.Token,middleware.MiddlewareErrorHandler                  
----------|---------|---------|--------|-----------------------------------------|------------------------------------------------------------|---------------------------------------------------------------------
  default | default | :8200   | POST   | /v1/wx/login                            | gfast/app/v1/api.(*wx).Login-fm                            |                                                                     
----------|---------|---------|--------|-----------------------------------------|------------------------------------------------------------|---------------------------------------------------------------------
  default | default | :8200   | POST   | /v1/wx/test                             | gfast/app/v1/api.(*wx).Test-fm                             |                                                                     
----------|---------|---------|--------|-----------------------------------------|------------------------------------------------------------|---------------------------------------------------------------------
 
