2022-10-19 16:39:33.948 [ERRO] [ 79 ms] [default] SHOW FULL COLUMNS FROM `sys_job`
Error: dial tcp [::1]:3306: connect: connection refused 
Stack:
1.  gfast/app/system/service.(*sysJob).GetJobs
    /Users/lys/Desktop/prj/maker/baby-diary-education/src/admin/app/system/service/sys_job.go:65
2.  gfast/task.init.0
    /Users/lys/Desktop/prj/maker/baby-diary-education/src/admin/task/bind_function.go:31
 
2022-10-19 16:39:34.049 [ERRO] [100 ms] [default] SHOW FULL COLUMNS FROM `sys_job`
Error: dial tcp [::1]:3306: connect: connection refused 
Stack:
1.  gfast/app/system/service.(*sysJob).GetJobs
    /Users/lys/Desktop/prj/maker/baby-diary-education/src/admin/app/system/service/sys_job.go:65
2.  gfast/task.init.0
    /Users/lys/Desktop/prj/maker/baby-diary-education/src/admin/task/bind_function.go:31
 
2022-10-19 16:39:34.112 [ERRO] [ 63 ms] [default] SELECT `JobId`,`JobName`,`JobParams`,`JobGroup`,`InvokeTarget`,`CronExpression`,`MisfirePolicy`,`Concurrent`,`Status`,`CreateBy`,`UpdateBy`,`Remark`,`CreatedAt`,`UpdatedAt`,`DeletedAt` FROM `sys_job` WHERE `status`=0
Error: dial tcp [::1]:3306: connect: connection refused 
Stack:
1.  gfast/app/system/service.(*sysJob).GetJobs
    /Users/lys/Desktop/prj/maker/baby-diary-education/src/admin/app/system/service/sys_job.go:65
2.  gfast/task.init.0
    /Users/lys/Desktop/prj/maker/baby-diary-education/src/admin/task/bind_function.go:31
 
